[    0.000000] Initializing cgroup subsys cpuset
[    0.000000] Initializing cgroup subsys cpu
[    0.000000] Initializing cgroup subsys cpuacct
[    0.000000] Linux version 4.4.0-78-generic (buildd@lgw01-11) (gcc version 5.4.0 20160609 (Ubuntu 5.4.0-6ubuntu1~16.04.4) ) #99-Ubuntu SMP Thu Apr 27 15:29:09 UTC 2017 (Ubuntu 4.4.0-78.99-generic 4.4.62)
[    0.000000] Command line: BOOT_IMAGE=/boot/vmlinuz-4.4.0-78-generic root=LABEL=cloudimg-rootfs ro console=tty1 console=ttyS0
[    0.000000] KERNEL supported cpus:
[    0.000000]   Intel GenuineIntel
[    0.000000]   AMD AuthenticAMD
[    0.000000]   Centaur CentaurHauls
[    0.000000] x86/fpu: Legacy x87 FPU detected.
[    0.000000] x86/fpu: Using 'lazy' FPU context switches.
[    0.000000] e820: BIOS-provided physical RAM map:
[    0.000000] BIOS-e820: [mem 0x0000000000000000-0x000000000009fbff] usable
[    0.000000] BIOS-e820: [mem 0x000000000009fc00-0x000000000009ffff] reserved
[    0.000000] BIOS-e820: [mem 0x00000000000f0000-0x00000000000fffff] reserved
[    0.000000] BIOS-e820: [mem 0x0000000000100000-0x000000003ffeffff] usable
[    0.000000] BIOS-e820: [mem 0x000000003fff0000-0x000000003fffffff] ACPI data
[    0.000000] BIOS-e820: [mem 0x00000000fec00000-0x00000000fec00fff] reserved
[    0.000000] BIOS-e820: [mem 0x00000000fee00000-0x00000000fee00fff] reserved
[    0.000000] BIOS-e820: [mem 0x00000000fffc0000-0x00000000ffffffff] reserved
[    0.000000] NX (Execute Disable) protection: active
[    0.000000] SMBIOS 2.5 present.
[    0.000000] Hypervisor detected: KVM
[    0.000000] e820: last_pfn = 0x3fff0 max_arch_pfn = 0x400000000
[    0.000000] MTRR: Disabled
[    0.000000] x86/PAT: MTRRs disabled, skipping PAT initialization too.
[    0.000000] x86/PAT: Configuration [0-7]: WB  WT  UC- UC  WB  WT  UC- UC  
[    0.000000] CPU MTRRs all blank - virtualized system.
[    0.000000] found SMP MP-table at [mem 0x0009fff0-0x0009ffff] mapped at [ffff88000009fff0]
[    0.000000] Scanning 1 areas for low memory corruption
[    0.000000] RAMDISK: [mem 0x36aba000-0x37554fff]
[    0.000000] ACPI: Early table checksum verification disabled
[    0.000000] ACPI: RSDP 0x00000000000E0000 000024 (v02 VBOX  )
[    0.000000] ACPI: XSDT 0x000000003FFF0030 00003C (v01 VBOX   VBOXXSDT 00000001 ASL  00000061)
[    0.000000] ACPI: FACP 0x000000003FFF00F0 0000F4 (v04 VBOX   VBOXFACP 00000001 ASL  00000061)
[    0.000000] ACPI: DSDT 0x000000003FFF0470 0021C8 (v02 VBOX   VBOXBIOS 00000002 INTL 20100528)
[    0.000000] ACPI: FACS 0x000000003FFF0200 000040
[    0.000000] ACPI: FACS 0x000000003FFF0200 000040
[    0.000000] ACPI: APIC 0x000000003FFF0240 00005C (v02 VBOX   VBOXAPIC 00000001 ASL  00000061)
[    0.000000] ACPI: SSDT 0x000000003FFF02A0 0001CC (v01 VBOX   VBOXCPUT 00000002 INTL 20100528)
[    0.000000] No NUMA configuration found
[    0.000000] Faking a node at [mem 0x0000000000000000-0x000000003ffeffff]
[    0.000000] NODE_DATA(0) allocated [mem 0x3ffeb000-0x3ffeffff]
[    0.000000] kvm-clock: Using msrs 4b564d01 and 4b564d00
[    0.000000] kvm-clock: cpu 0, msr 0:3ffe3001, primary cpu clock
[    0.000000] kvm-clock: using sched offset of 7680374454 cycles
[    0.000000] clocksource: kvm-clock: mask: 0xffffffffffffffff max_cycles: 0x1cd42e4dffb, max_idle_ns: 881590591483 ns
[    0.000000] Zone ranges:
[    0.000000]   DMA      [mem 0x0000000000001000-0x0000000000ffffff]
[    0.000000]   DMA32    [mem 0x0000000001000000-0x000000003ffeffff]
[    0.000000]   Normal   empty
[    0.000000]   Device   empty
[    0.000000] Movable zone start for each node
[    0.000000] Early memory node ranges
[    0.000000]   node   0: [mem 0x0000000000001000-0x000000000009efff]
[    0.000000]   node   0: [mem 0x0000000000100000-0x000000003ffeffff]
[    0.000000] Initmem setup node 0 [mem 0x0000000000001000-0x000000003ffeffff]
[    0.000000] ACPI: PM-Timer IO Port: 0x4008
[    0.000000] IOAPIC[0]: apic_id 2, version 32, address 0xfec00000, GSI 0-23
[    0.000000] ACPI: INT_SRC_OVR (bus 0 bus_irq 0 global_irq 2 dfl dfl)
[    0.000000] ACPI: INT_SRC_OVR (bus 0 bus_irq 9 global_irq 9 high level)
[    0.000000] Using ACPI (MADT) for SMP configuration information
[    0.000000] smpboot: Allowing 2 CPUs, 0 hotplug CPUs
[    0.000000] PM: Registered nosave memory: [mem 0x00000000-0x00000fff]
[    0.000000] PM: Registered nosave memory: [mem 0x0009f000-0x0009ffff]
[    0.000000] PM: Registered nosave memory: [mem 0x000a0000-0x000effff]
[    0.000000] PM: Registered nosave memory: [mem 0x000f0000-0x000fffff]
[    0.000000] e820: [mem 0x40000000-0xfebfffff] available for PCI devices
[    0.000000] Booting paravirtualized kernel on KVM
[    0.000000] clocksource: refined-jiffies: mask: 0xffffffff max_cycles: 0xffffffff, max_idle_ns: 7645519600211568 ns
[    0.000000] setup_percpu: NR_CPUS:512 nr_cpumask_bits:512 nr_cpu_ids:2 nr_node_ids:1
[    0.000000] PERCPU: Embedded 33 pages/cpu @ffff88003fc00000 s98264 r8192 d28712 u1048576
[    0.000000] PV qspinlock hash table entries: 256 (order: 0, 4096 bytes)
[    0.000000] Built 1 zonelists in Node order, mobility grouping on.  Total pages: 257913
[    0.000000] Policy zone: DMA32
[    0.000000] Kernel command line: BOOT_IMAGE=/boot/vmlinuz-4.4.0-78-generic root=LABEL=cloudimg-rootfs ro console=tty1 console=ttyS0
[    0.000000] PID hash table entries: 4096 (order: 3, 32768 bytes)
[    0.000000] Memory: 1001720K/1048120K available (8469K kernel code, 1294K rwdata, 3984K rodata, 1484K init, 1316K bss, 46400K reserved, 0K cma-reserved)
[    0.000000] SLUB: HWalign=64, Order=0-3, MinObjects=0, CPUs=2, Nodes=1
[    0.000000] Hierarchical RCU implementation.
[    0.000000] 	Build-time adjustment of leaf fanout to 64.
[    0.000000] 	RCU restricting CPUs from NR_CPUS=512 to nr_cpu_ids=2.
[    0.000000] RCU: Adjusting geometry for rcu_fanout_leaf=64, nr_cpu_ids=2
[    0.000000] NR_IRQS:33024 nr_irqs:440 16
[    0.000000] Console: colour VGA+ 80x25
[    0.000000] console [tty1] enabled
[    0.000000] console [ttyS0] enabled
[    0.000000] tsc: Detected 1439.954 MHz processor
[    1.951314] Calibrating delay loop (skipped) preset value.. 2879.90 BogoMIPS (lpj=5759816)
[    1.983493] pid_max: default: 32768 minimum: 301
[    1.994500] ACPI: Core revision 20150930
[    2.016810] ACPI: 2 ACPI AML tables successfully acquired and loaded
[    2.047983] Security Framework initialized
[    2.064980] Yama: becoming mindful.
[    2.076126] AppArmor: AppArmor initialized
[    2.088554] Dentry cache hash table entries: 131072 (order: 8, 1048576 bytes)
[    2.107148] Inode-cache hash table entries: 65536 (order: 7, 524288 bytes)
[    2.137254] Mount-cache hash table entries: 2048 (order: 2, 16384 bytes)
[    2.163692] Mountpoint-cache hash table entries: 2048 (order: 2, 16384 bytes)
[    2.178265] Initializing cgroup subsys io
[    2.187619] Initializing cgroup subsys memory
[    2.204317] Initializing cgroup subsys devices
[    2.217159] Initializing cgroup subsys freezer
[    2.242853] Initializing cgroup subsys net_cls
[    2.269180] Initializing cgroup subsys perf_event
[    2.281153] Initializing cgroup subsys net_prio
[    2.309462] Initializing cgroup subsys hugetlb
[    2.322261] Initializing cgroup subsys pids
[    2.331299] CPU: Physical Processor ID: 0
[    2.346077] CPU: Processor Core ID: 0
[    2.359682] mce: CPU supports 0 MCE banks
[    2.374365] Last level iTLB entries: 4KB 48, 2MB 0, 4MB 0
[    2.391216] Last level dTLB entries: 4KB 256, 2MB 16, 4MB 16, 1GB 0
[    2.436237] Freeing SMP alternatives memory: 32K (ffffffff820b8000 - ffffffff820c0000)
[    2.483373] ftrace: allocating 32120 entries in 126 pages
[    2.769075] smpboot: APIC(0) Converting physical 0 to logical package 0
[    2.795621] smpboot: Max logical packages: 1
[    2.806289] x2apic enabled
[    2.814907] Switched APIC routing to physical x2apic.
[    2.853507] ..TIMER: vector=0x30 apic1=0 pin1=2 apic2=-1 pin2=-1
[    2.968586] smpboot: CPU0: Intel(R) Atom(TM) x5-Z8300  CPU @ 1.44GHz (family: 0x6, model: 0x4c, stepping: 0x3)
[    3.011433] Performance Events: unsupported p6 CPU model 76 no PMU driver, software events only.
[    3.060155] KVM setup paravirtual spinlock
[    3.071472] x86: Booting SMP configuration:
[    3.091482] .... node  #0, CPUs:      #1
[    3.107192] kvm-clock: cpu 1, msr 0:3ffe3041, secondary cpu clock
[    3.152451] mce: CPU supports 0 MCE banks
[    3.176481] x86: Booted up 1 node, 2 CPUs
[    3.202709] smpboot: Total of 2 processors activated (5759.81 BogoMIPS)
[    3.226316] devtmpfs: initialized
[    3.244492] evm: security.selinux
[    3.249619] evm: security.SMACK64
[    3.264383] evm: security.SMACK64EXEC
[    3.272047] evm: security.SMACK64TRANSMUTE
[    3.278906] evm: security.SMACK64MMAP
[    3.290565] evm: security.ima
[    3.305797] evm: security.capability
[    3.313485] clocksource: jiffies: mask: 0xffffffff max_cycles: 0xffffffff, max_idle_ns: 7645041785100000 ns
[    3.348926] futex hash table entries: 512 (order: 3, 32768 bytes)
[    3.391291] pinctrl core: initialized pinctrl subsystem
[    3.411255] RTC time:  1:38:43, date: 02/16/18
[    3.444521] NET: Registered protocol family 16
[    3.474076] cpuidle: using governor ladder
[    3.505838] cpuidle: using governor menu
[    3.512868] PCCT header not found.
[    3.520534] ACPI: bus type PCI registered
[    3.536282] acpiphp: ACPI Hot Plug PCI Controller Driver version: 0.5
[    3.545657] PCI: Using configuration type 1 for base access
[    3.600021] ACPI: Added _OSI(Module Device)
[    3.619717] ACPI: Added _OSI(Processor Device)
[    3.638799] ACPI: Added _OSI(3.0 _SCP Extensions)
[    3.648058] ACPI: Added _OSI(Processor Aggregator Device)
[    3.663114] ACPI: Executed 1 blocks of module-level executable AML code
[    3.707255] ACPI: Interpreter enabled
[    3.713065] ACPI: (supports S0 S5)
[    3.726876] ACPI: Using IOAPIC for interrupt routing
[    3.743826] PCI: Using host bridge windows from ACPI; if necessary, use "pci=nocrs" and report a bug
[    3.810865] ACPI: PCI Root Bridge [PCI0] (domain 0000 [bus 00-ff])
[    3.824773] acpi PNP0A03:00: _OSC: OS supports [ASPM ClockPM Segments MSI]
[    3.835200] acpi PNP0A03:00: _OSC failed (AE_NOT_FOUND); disabling ASPM
[    3.845496] acpi PNP0A03:00: fail to add MMCONFIG information, can't access extended PCI configuration space under this bridge.
[    3.864511] PCI host bridge to bus 0000:00
[    3.870000] pci_bus 0000:00: root bus resource [io  0x0000-0x0cf7 window]
[    3.884344] pci_bus 0000:00: root bus resource [io  0x0d00-0xffff window]
[    3.899216] pci_bus 0000:00: root bus resource [mem 0x000a0000-0x000bffff window]
[    3.932486] pci_bus 0000:00: root bus resource [mem 0x40000000-0xffdfffff window]
[    3.949342] pci_bus 0000:00: root bus resource [bus 00-ff]
[    3.972269] pci 0000:00:01.1: legacy IDE quirk: reg 0x10: [io  0x01f0-0x01f7]
[    3.999621] pci 0000:00:01.1: legacy IDE quirk: reg 0x14: [io  0x03f6]
[    4.016094] pci 0000:00:01.1: legacy IDE quirk: reg 0x18: [io  0x0170-0x0177]
[    4.032531] pci 0000:00:01.1: legacy IDE quirk: reg 0x1c: [io  0x0376]
[    4.154677] pci 0000:00:07.0: quirk: [io  0x4000-0x403f] claimed by PIIX4 ACPI
[    4.173539] pci 0000:00:07.0: quirk: [io  0x4100-0x410f] claimed by PIIX4 SMB
[    4.277621] ACPI: PCI Interrupt Link [LNKA] (IRQs 5 9 10 *11)
[    4.291565] ACPI: PCI Interrupt Link [LNKB] (IRQs 5 9 10 *11)
[    4.301715] ACPI: PCI Interrupt Link [LNKC] (IRQs 5 9 *10 11)
[    4.323136] ACPI: PCI Interrupt Link [LNKD] (IRQs 5 *9 10 11)
[    4.340847] ACPI: Enabled 2 GPEs in block 00 to 07
[    4.374351] vgaarb: setting as boot device: PCI:0000:00:02.0
[    4.391160] vgaarb: device added: PCI:0000:00:02.0,decodes=io+mem,owns=io+mem,locks=none
[    4.465025] vgaarb: loaded
[    4.473738] vgaarb: bridge control possible 0000:00:02.0
[    4.491486] SCSI subsystem initialized
[    4.506846] ACPI: bus type USB registered
[    4.524602] usbcore: registered new interface driver usbfs
[    4.532870] usbcore: registered new interface driver hub
[    4.545285] usbcore: registered new device driver usb
[    4.562973] PCI: Using ACPI for IRQ routing
[    4.572371] NetLabel: Initializing
[    4.601758] NetLabel:  domain hash size = 128
[    4.610918] NetLabel:  protocols = UNLABELED CIPSOv4
[    4.629397] NetLabel:  unlabeled traffic allowed by default
[    4.645282] amd_nb: Cannot enumerate AMD northbridges
[    4.671788] clocksource: Switched to clocksource kvm-clock
[    4.712575] AppArmor: AppArmor Filesystem Enabled
[    4.749245] pnp: PnP ACPI init
[    4.758590] pnp: PnP ACPI: found 3 devices
[    4.799085] clocksource: acpi_pm: mask: 0xffffff max_cycles: 0xffffff, max_idle_ns: 2085701024 ns
[    4.835233] NET: Registered protocol family 2
[    4.869020] TCP established hash table entries: 8192 (order: 4, 65536 bytes)
[    4.881237] TCP bind hash table entries: 8192 (order: 5, 131072 bytes)
[    4.886400] TCP: Hash tables configured (established 8192 bind 8192)
[    4.891628] UDP hash table entries: 512 (order: 2, 16384 bytes)
[    4.896508] UDP-Lite hash table entries: 512 (order: 2, 16384 bytes)
[    4.906594] NET: Registered protocol family 1
[    4.912577] pci 0000:00:00.0: Limiting direct PCI/PCI transfers
[    4.932603] pci 0000:00:01.0: Activating ISA DMA hang workarounds
[    4.940228] Unpacking initramfs...
[   14.105474] Freeing initrd memory: 10860K (ffff880036aba000 - ffff880037555000)
[   14.128792] platform rtc_cmos: registered platform RTC device (no PNP device found)
[   14.147700] Scanning for low memory corruption every 60 seconds
[   14.182184] audit: initializing netlink subsys (disabled)
[   14.193531] audit: type=2000 audit(1518745139.759:1): initialized
[   14.205673] Initialise system trusted keyring
[   14.226839] HugeTLB registered 2 MB page size, pre-allocated 0 pages
[   14.260265] zbud: loaded
[   14.268095] VFS: Disk quotas dquot_6.6.0
[   14.279585] VFS: Dquot-cache hash table entries: 512 (order 0, 4096 bytes)
[   14.316106] squashfs: version 4.0 (2009/01/31) Phillip Lougher
[   14.342504] fuse init (API version 7.23)
[   14.390432] Key type big_key registered
[   14.409481] Allocating IMA MOK and blacklist keyrings.
[   14.433229] Key type asymmetric registered
[   14.447548] Asymmetric key parser 'x509' registered
[   14.479796] Block layer SCSI generic (bsg) driver version 0.4 loaded (major 249)
[   14.505739] io scheduler noop registered
[   14.521429] io scheduler deadline registered (default)
[   14.533805] io scheduler cfq registered
[   14.547635] pci_hotplug: PCI Hot Plug PCI Core version: 0.5
[   14.562815] pciehp: PCI Express Hot Plug Controller Driver version: 0.4
[   14.600546] ACPI: AC Adapter [AC] (off-line)
[   14.610940] input: Power Button as /devices/LNXSYSTM:00/LNXPWRBN:00/input/input0
[   14.631815] ACPI: Power Button [PWRF]
[   14.640222] input: Sleep Button as /devices/LNXSYSTM:00/LNXSLPBN:00/input/input1
[   14.664183] ACPI: Sleep Button [SLPF]
[   14.680424] GHES: HEST is not enabled!
[   14.683682] ACPI: Battery Slot [BAT0] (battery present)
[   14.708759] Serial: 8250/16550 driver, 32 ports, IRQ sharing enabled
[   14.780991] 00:02: ttyS0 at I/O 0x3f8 (irq = 4, base_baud = 115200) is a 16550A
[   14.820159] Linux agpgart interface v0.103
[   14.854678] loop: module loaded
[   14.863046] scsi host0: ata_piix
[   14.893344] scsi host1: ata_piix
[   14.923410] ata1: PATA max UDMA/33 cmd 0x1f0 ctl 0x3f6 bmdma 0xd000 irq 14
[   14.940227] ata2: PATA max UDMA/33 cmd 0x170 ctl 0x376 bmdma 0xd008 irq 15
[   14.965970] libphy: Fixed MDIO Bus: probed
[   14.986538] tun: Universal TUN/TAP device driver, 1.6
[   15.006381] tun: (C) 1999-2004 Max Krasnyansky <maxk@qualcomm.com>
[   15.025142] PPP generic driver version 2.4.2
[   15.040924] ehci_hcd: USB 2.0 'Enhanced' Host Controller (EHCI) Driver
[   15.071547] ehci-pci: EHCI PCI platform driver
[   15.077510] ehci-platform: EHCI generic platform driver
[   15.090618] ohci_hcd: USB 1.1 'Open' Host Controller (OHCI) Driver
[   15.120943] ohci-pci: OHCI PCI platform driver
[   15.128003] tsc: Refined TSC clocksource calibration: 1439.534 MHz
[   15.128011] ohci-platform: OHCI generic platform driver
[   15.128059] uhci_hcd: USB Universal Host Controller Interface driver
[   15.128324] i8042: PNP: PS/2 Controller [PNP0303:PS2K,PNP0f03:PS2M] at 0x60,0x64 irq 1,12
[   15.186070] serio: i8042 KBD port at 0x60,0x64 irq 1
[   15.186097] serio: i8042 AUX port at 0x60,0x64 irq 12
[   15.186664] mousedev: PS/2 mouse device common for all mice
[   15.188451] rtc_cmos rtc_cmos: rtc core: registered rtc_cmos as rtc0
[   15.188749] rtc_cmos rtc_cmos: alarms up to one day, 114 bytes nvram
[   15.188793] i2c /dev entries driver
[   15.189082] device-mapper: uevent: version 1.0.3
[   15.189314] device-mapper: ioctl: 4.34.0-ioctl (2015-10-28) initialised: dm-devel@redhat.com
[   15.189368] ledtrig-cpu: registered to indicate activity on CPUs
[   15.193182] NET: Registered protocol family 10
[   15.193941] NET: Registered protocol family 17
[   15.193980] Key type dns_resolver registered
[   15.207895] microcode: CPU0 sig=0x406c3, pf=0x8, revision=0x0
[   15.208191] microcode: CPU1 sig=0x406c3, pf=0x8, revision=0x0
[   15.208653] microcode: Microcode Update Driver: v2.01 <tigran@aivazian.fsnet.co.uk>, Peter Oruba
[   15.209252] registered taskstats version 1
[   15.209287] Loading compiled-in X.509 certificates
[   15.216010] Loaded X.509 cert 'Build time autogenerated kernel key: 779fd75203f0d36b99b83c7328fac831ec7adf9e'
[   15.216344] zswap: loaded using pool lzo/zbud
[   15.225576] Key type trusted registered
[   15.255111] Key type encrypted registered
[   15.255133] AppArmor: AppArmor sha1 policy hashing enabled
[   15.255140] ima: No TPM chip found, activating TPM-bypass!
[   15.255285] evm: HMAC attrs: 0x1
[   15.268494]   Magic number: 6:859:609
[   15.268627] node node0: hash matches
[   15.276347] rtc_cmos rtc_cmos: setting system clock to 2018-02-16 01:38:54 UTC (1518745134)
[   15.277263] BIOS EDD facility v0.16 2004-Jun-25, 0 devices found
[   15.277264] EDD information not available.
[   15.359442] input: AT Translated Set 2 keyboard as /devices/platform/i8042/serio0/input/input2
[   15.807000] clocksource: tsc: mask: 0xffffffffffffffff max_cycles: 0x14c002adb95, max_idle_ns: 440795260319 ns
[   15.834242] Freeing unused kernel memory: 1484K (ffffffff81f45000 - ffffffff820b8000)
[   15.856548] Write protecting the kernel read-only data: 14336k
[   15.878757] Freeing unused kernel memory: 1760K (ffff880001848000 - ffff880001a00000)
[   15.899480] Freeing unused kernel memory: 112K (ffff880001de4000 - ffff880001e00000)
Loading, please wait...
starting version 229
[   15.989854] random: systemd-udevd: uninitialized urandom read (16 bytes read, 3 bits of entropy available)
[   15.994591] random: udevadm: uninitialized urandom read (16 bytes read, 3 bits of entropy available)
[   15.994899] random: udevadm: uninitialized urandom read (16 bytes read, 3 bits of entropy available)
[   15.997175] random: udevadm: uninitialized urandom read (16 bytes read, 3 bits of entropy available)
[   15.997508] random: udevadm: uninitialized urandom read (16 bytes read, 3 bits of entropy available)
[   15.997982] random: udevadm: uninitialized urandom read (16 bytes read, 3 bits of entropy available)
[   15.998253] random: udevadm: uninitialized urandom read (16 bytes read, 3 bits of entropy available)
[   15.998495] random: udevadm: uninitialized urandom read (16 bytes read, 3 bits of entropy available)
[   15.998709] random: udevadm: uninitialized urandom read (16 bytes read, 3 bits of entropy available)
[   15.998960] random: udevadm: uninitialized urandom read (16 bytes read, 3 bits of entropy available)
[   16.447432] e1000: Intel(R) PRO/1000 Network Driver - version 7.3.21-k8-NAPI
[   16.469016] e1000: Copyright (c) 1999-2006 Intel Corporation.
[   16.519037] Fusion MPT base driver 3.04.20
[   16.545323] Copyright (c) 1999-2008 LSI Corporation
[   16.673157] Fusion MPT SPI Host driver 3.04.20
[   16.698149] SSE version of gcm_enc/dec engaged.
[   16.811412] input: ImExPS/2 Generic Explorer Mouse as /devices/platform/i8042/serio1/input/input4
[   17.583803] e1000 0000:00:03.0 eth0: (PCI:33MHz:32-bit) 02:ed:99:f0:3e:73
[   17.610073] e1000 0000:00:03.0 eth0: Intel(R) PRO/1000 Network Connection
[   17.641233] mptbase: ioc0: Initiating bringup
[   17.726445] ioc0: LSI53C1030 A0: Capabilities={Initiator}
[   17.937696] scsi host2: ioc0: LSI53C1030 A0, FwRev=00000000h, Ports=1, MaxQ=256, IRQ=20
[   18.099558] scsi 2:0:0:0: Direct-Access     VBOX     HARDDISK         1.0  PQ: 0 ANSI: 5
[   18.126858] scsi target2:0:0: Beginning Domain Validation
[   18.188726] scsi target2:0:0: Domain Validation skipping write tests
[   18.225629] scsi target2:0:0: Ending Domain Validation
[   18.241595] scsi target2:0:0: asynchronous
[   18.275481] scsi 2:0:1:0: Direct-Access     VBOX     HARDDISK         1.0  PQ: 0 ANSI: 5
[   18.324973] scsi target2:0:1: Beginning Domain Validation
[   18.380067] scsi target2:0:1: Domain Validation skipping write tests
[   18.402127] scsi target2:0:1: Ending Domain Validation
[   18.418043] scsi target2:0:1: asynchronous
[   18.473572] sd 2:0:0:0: Attached scsi generic sg0 type 0
[   18.501504] sd 2:0:0:0: [sda] 20971520 512-byte logical blocks: (10.7 GB/10.0 GiB)
[   18.611722] sd 2:0:0:0: [sda] Write Protect is off
[   18.631276] sd 2:0:1:0: Attached scsi generic sg1 type 0
[   18.645720] sd 2:0:1:0: [sdb] 20480 512-byte logical blocks: (10.5 MB/10.0 MiB)
[   18.684339] sd 2:0:1:0: [sdb] Write Protect is off
[   18.686491] sd 2:0:1:0: [sdb] Incomplete mode parameter data
[   18.686496] sd 2:0:1:0: [sdb] Assuming drive cache: write through
[   18.766719] sd 2:0:0:0: [sda] Incomplete mode parameter data
[   18.766724] sd 2:0:0:0: [sda] Assuming drive cache: write through
[   18.831676]  sda: sda1
[   18.834618] sd 2:0:0:0: [sda] Attached SCSI disk
[   18.864709] sd 2:0:1:0: [sdb] Attached SCSI disk
[   19.209984] e1000 0000:00:08.0 eth1: (PCI:33MHz:32-bit) 08:00:27:7d:10:f0
[   19.235355] e1000 0000:00:08.0 eth1: Intel(R) PRO/1000 Network Connection
[   19.261836] e1000 0000:00:08.0 enp0s8: renamed from eth1
[   19.295240] e1000 0000:00:03.0 enp0s3: renamed from eth0
[   19.448618] floppy0: no floppy controllers found
Begin: Loading essential drivers ... [   22.839056] md: linear personality registered for level -1
[   22.893201] md: multipath personality registered for level -4
[   22.925912] md: raid0 personality registered for level 0
[   22.973607] md: raid1 personality registered for level 1
[   23.078240] raid6: sse2x1   gen()   171 MB/s
[   23.188608] raid6: sse2x1   xor()   485 MB/s
[   23.271955] raid6: sse2x2   gen()   141 MB/s
[   23.356259] raid6: sse2x2   xor()   677 MB/s
[   23.439929] raid6: sse2x4   gen()   273 MB/s
[   23.525993] raid6: sse2x4   xor()   209 MB/s
[   23.569827] raid6: using algorithm sse2x4 gen() 273 MB/s
[   23.610269] raid6: .... xor() 209 MB/s, rmw enabled
[   23.632084] raid6: using ssse3x2 recovery algorithm
[   23.656337] xor: measuring software checksum speed
[   23.727860]    prefetch64-sse:  4486.000 MB/sec
[   23.797912]    generic_sse:  3165.000 MB/sec
[   23.814890] xor: using function: prefetch64-sse (4486.000 MB/sec)
[   23.835442] async_tx: api initialized (async)
[   23.914486] md: raid6 personality registered for level 6
[   23.985273] md: raid5 personality registered for level 5
[   24.006294] md: raid4 personality registered for level 4
[   24.087932] md: raid10 personality registered for level 10
done.
Begin: Running /scripts/init-premount ... done.
Begin: Mounting root file system ... Begin: Running /scripts/local-top ... done.
Begin: Running /scripts/local-premount ... [   24.320692] Btrfs loaded
Scanning for Btrfs filesystems
done.
Warning: fsck not present, so skipping root file[   24.512569] EXT4-fs (sda1): INFO: recovery required on readonly filesystem
 system
[   24.545844] EXT4-fs (sda1): write access will be enabled during recovery
[   24.683488] EXT4-fs (sda1): orphan cleanup on readonly fs
[   24.714691] EXT4-fs (sda1): 1 orphan inode deleted
[   24.728760] EXT4-fs (sda1): recovery complete
[   24.742627] EXT4-fs (sda1): mounted filesystem with ordered data mode. Opts: (null)
done.
Begin: Running /scripts/local-bottom ... done.
Begin: Running /scripts/init-bottom ... done.
[   25.331722] systemd[1]: systemd 229 running in system mode. (+PAM +AUDIT +SELINUX +IMA +APPARMOR +SMACK +SYSVINIT +UTMP +LIBCRYPTSETUP +GCRYPT +GNUTLS +ACL +XZ -LZ4 +SECCOMP +BLKID +ELFUTILS +KMOD -IDN)
[   25.382703] systemd[1]: Detected virtualization oracle.
[   25.392411] systemd[1]: Detected architecture x86-64.

Welcome to [1mUbuntu 16.04.2 LTS[0m!

[   25.454378] systemd[1]: Set hostname to <ubuntu-xenial>.
[   25.776885] random: nonblocking pool is initialized
[   26.236893] systemd[1]: Listening on Syslog Socket.
[[0;32m  OK  [0m] Listening on Syslog Socket.
[   26.284403] systemd[1]: Reached target Swap.
[[0;32m  OK  [0m] Reached target Swap.
[   26.309012] systemd[1]: Listening on Journal Audit Socket.
[[0;32m  OK  [0m] Listening on Journal Audit Socket.
[   26.333455] systemd[1]: Created slice User and Session Slice.
[[0;32m  OK  [0m] Created slice User and Session Slice.
[   26.380905] systemd[1]: Reached target Encrypted Volumes.
[[0;32m  OK  [0m] Reached target Encrypted Volumes.
[   26.405773] systemd[1]: Created slice System Slice.
[[0;32m  OK  [0m] Created slice System Slice.
[   26.481748] systemd[1]: Listening on udev Control Socket.
[[0;32m  OK  [0m] Listening on udev Control Socket.
[   26.543580] systemd[1]: Created slice system-serial\x2dgetty.slice.
[[0;32m  OK  [0m] Created slice system-serial\x2dgetty.slice.
[   26.587334] systemd[1]: Listening on LVM2 poll daemon socket.
[[0;32m  OK  [0m] Listening on LVM2 poll daemon socket.
[   26.656961] systemd[1]: Listening on Journal Socket.
[[0;32m  OK  [0m] Listening on Journal Socket.
[   26.708965] systemd[1]: Mounting Debug File System...
         Mounting Debug File System...
[   26.798137] systemd[1]: Starting Remount Root and Kernel File Systems...
[   26.842803] EXT4-fs (sda1): re-mounted. Opts: (null)
         Starting Remount Root and Kernel File Systems...
[   26.936712] systemd[1]: Starting Set console keymap...
         Starting Set console keymap...
[   27.028717] systemd[1]: Mounting Huge Pages File System...
         Mounting Huge Pages File System...
[   27.100858] systemd[1]: Mounting POSIX Message Queue File System...
         Mounting POSIX Message Queue File System...
[   27.242505] systemd[1]: Starting Create list of required static device nodes for the current kernel...
         Starting Create list of required st... nodes for the current kernel...
[   27.499326] systemd[1]: Starting Uncomplicated firewall...
         Starting Uncomplicated firewall...
[   27.613022] systemd[1]: Starting Load Kernel Modules...
         Starting Load Kernel Modules...
[   27.678052] systemd[1]: Listening on Journal Socket (/dev/log).
[[0;32m  OK  [0m] Listening on Journal Socket (/dev/log).
[   27.769874] systemd[1]: Listening on /dev/initctl Compatibility Named Pipe.
[   27.810845] Loading iSCSI transport class v2.0-870.
[[0;32m  OK  [0m] Listening on /dev/initctl Compatibility Named Pipe.
[   27.878544] iscsi: registered transport (tcp)
[   27.901441] systemd[1]: Listening on Device-mapper event daemon FIFOs.
[[0;32m  OK  [0m] Listening on Device-mapper event daemon FIFOs.
[   28.014161] systemd[1]: Starting Journal Service...
         Starting Journal Service...
[   28.217722] systemd[1]: Listening on udev Kernel Socket.
[[0;32m  OK  [0m] Listening on udev Kernel Sock[   28.310582] iscsi: registered transport (iser)
et.
[   28.388409] systemd[1]: Reached target Slices.
[[0;32m  OK  [0m] Reached target Slices.
[   28.470986] systemd[1]: Reached target User and Group Name Lookups.
[[0;32m  OK  [0m] Reached target User and Group Name Lookups.
[   28.506340] systemd[1]: Started Forward Password Requests to Wall Directory Watch.
[[0;32m  OK  [0m] Started Forward Password Requests to Wall Directory Watch.
[   28.600744] systemd[1]: Starting Nameserver information manager...
         Starting Nameserver information manager...
[   28.673657] systemd[1]: Set up automount Arbitrary Executable File Formats File System Automount Point.
[[0;32m  OK  [0m] Set up automount Arbitrary Executab...ats File System Automount Point.
[   28.750463] systemd[1]: Started Trigger resolvconf update for networkd DNS.
[[0;32m  OK  [0m] Started Trigger resolvconf update for networkd DNS.
[   28.789176] systemd[1]: Listening on LVM2 metadata daemon socket.
[[0;32m  OK  [0m] Listening on LVM2 metadata daemon socket.
[   28.889140] systemd[1]: Starting Monitoring of LVM2 mirrors, snapshots etc. using dmeventd or progress polling...
         Starting Monitoring of LVM2 mirrors... dmeventd or progress polling...
[   28.992840] systemd[1]: Mounted Debug File System.
[[0;32m  OK  [0m] Mounted Debug File System.
[   29.054166] systemd[1]: Mounted POSIX Message Queue File System.
[[0;32m  OK  [0m] Mounted POSIX Message Queue File System.
[   29.121016] systemd[1]: Mounted Huge Pages File System.
[[0;32m  OK  [0m] Mounted Huge Pages File System.
[   29.178592] systemd[1]: Started Journal Service.
[[0;32m  OK  [0m] Started Journal Service.
[[0;32m  OK  [0m] Started Remount Root and Kernel File Systems.
[[0;32m  OK  [0m] Started Set console keymap.
[[0;32m  OK  [0m] Started Create list of required sta...ce nodes for the current kernel.
[[0;32m  OK  [0m] Started Uncomplicated firewall.
[[0;32m  OK  [0m] Started Load Kernel Modules.
[[0;32m  OK  [0m] Started Nameserver information manager.
[[0;32m  OK  [0m] Started LVM2 metadata daemon.
         Starting Apply Kernel Variables...
         Mounting FUSE Control File System...
         Starting Create Static Device Nodes in /dev...
         Starting Initial cloud-init job (pre-networking)...
         Starting udev Coldplug all Devices...
         Starting Load/Save Random Seed...
         Starting Flush Journal to Persistent Storage...
[[0;32m  OK  [0m] Mounted FUSE Control File System.
[[0;32m  OK  [0m] Started Apply Kernel Variables.
[[0;32m  OK  [0m] Started Create Static Device Nodes in /dev.
[[0;32m  OK  [0m] Started Monitoring of LVM2 mirrors,...ng dmeventd or progress polling.
[[0;32m  OK  [0m] Started Load/Save Random Seed.
[[0;32m  OK  [0m] Started Flush Journal to Persistent Storage.
         Starting udev Kernel Device Manager...
[[0;32m  OK  [0m] Started udev Coldplug all Devices.
[[0;32m  OK  [0m] Started udev Kernel Device Manager.
[[0;32m  OK  [0m] Reached target Local File Systems (Pre).
[[0;32m  OK  [0m] Reached target Local File Systems.
         Starting Set console font and keymap...
         Starting Tell Plymouth To Write Out Runtime Data...
         Starting LSB: AppArmor initialization...
         Starting Create Volatile Files and Directories...
[[0;32m  OK  [0m] Started Dispatch Password Requests to Console Directory Watch.
[[0;32m  OK  [0m] Started Tell Plymouth To Write Out Runtime Data.
[[0;32m  OK  [0m] Started Create Volatile Files and Directories.
         Starting Update UTMP about System Boot/Shutdown...
[[0;32m  OK  [0m] Reached target System Time Synchronized.
[[0;32m  OK  [0m] Started Update UTMP about System Boot/Shutdown.
[[0;32m  OK  [0m] Started LSB: AppArmor initialization.
[[0;32m  OK  [0m] Found device /dev/ttyS0.
[[0;32m  OK  [0m] Started Set console font and keymap.
[[0;32m  OK  [0m] Created slice system-getty.slice.
[[0;32m  OK  [0m] Found device 82540EM Gigabit Ethern...r (PRO/1000 MT Desktop Adapter).
[[0;32m  OK  [0m] Found device 82540EM Gigabit Ethern...r (PRO/1000 MT Desktop Adapter).
[[0;32m  OK  [0m] Listening on Load/Save RF Kill Switch Status /dev/rfkill Watch.
[   39.934922] cloud-init[457]: Cloud-init v. 0.7.9 running 'init-local' at Fri, 16 Feb 2018 01:39:19 +0000. Up 36.77 seconds.
[[0;32m  OK  [0m] Started Initial cloud-init job (pre-networking).
[[0;32m  OK  [0m] Reached target Network (Pre).
[[0;32m  OK  [0m] Started ifup for enp0s3.
[[0;32m  OK  [0m] Started ifup for enp0s8.
         Starting Raise network interfaces...
[[0;32m  OK  [0m] Started Raise network interfaces.
         Starting Initial cloud-init job (metadata service crawler)...
[[0;32m  OK  [0m] Reached target Network.
[   52.446723] cloud-init[1070]: Cloud-init v. 0.7.9 running 'init' at Fri, 16 Feb 2018 01:39:31 +0000. Up 48.33 seconds.
[   52.530526] cloud-init[1070]: ci-info: ++++++++++++++++++++++++++++++++++++++Net device info++++++++++++++++++++++++++++++++++++++
[   52.565154] cloud-init[1070]: ci-info: +--------+------+-----------------------------+---------------+-------+-------------------+
[   52.620630] cloud-init[1070]: ci-info: | Device |  Up  |           Address           |      Mask     | Scope |     Hw-Address    |
[   52.639816] cloud-init[1070]: ci-info: +--------+------+-----------------------------+---------------+-------+-------------------+
[   52.684522] cloud-init[1070]: ci-info: | enp0s3 | True |          10.0.2.15          | 255.255.255.0 |   .   | 02:ed:99:f0:3e:73 |
[   52.723631] cloud-init[1070]: ci-info: | enp0s3 | True |  fe80::ed:99ff:fef0:3e73/64 |       .       |  link | 02:ed:99:f0:3e:73 |
[   52.769764] cloud-init[1070]: ci-info: |   lo   | True |          127.0.0.1          |   255.0.0.0   |   .   |         .         |
[   52.794144] cloud-init[1070]: ci-info: |   lo   | True |           ::1/128           |       .       |  host |         .         |
[   52.834331] cloud-init[1070]: ci-info: | enp0s8 | True |        192.168.13.13        | 255.255.255.0 |   .   | 08:00:27:7d:10:f0 |
[   52.878393] cloud-init[1070]: ci-info: | enp0s8 | True | fe80::a00:27ff:fe7d:10f0/64 |       .       |  link | 08:00:27:7d:10:f0 |
[   52.926245] cloud-init[1070]: ci-info: +--------+------+-----------------------------+---------------+-------+-------------------+
[   52.958194] cloud-init[1070]: ci-info: ++++++++++++++++++++++++++++Route IPv4 info++++++++++++++++++++++++++++
[   52.989037] cloud-init[1070]: ci-info: +-------+--------------+----------+---------------+-----------+-------+
[   53.034433] cloud-init[1070]: ci-info: | Route | Destination  | Gateway  |    Genmask    | Interface | Flags |
[   53.079014] cloud-init[1070]: ci-info: +-------+--------------+----------+---------------+-----------+-------+
[   53.123828] cloud-init[1070]: ci-info: |   0   |   0.0.0.0    | 10.0.2.2 |    0.0.0.0    |   enp0s3  |   UG  |
[   53.161577] cloud-init[1070]: ci-info: |   1   |   10.0.2.0   | 0.0.0.0  | 255.255.255.0 |   enp0s3  |   U   |
[   53.184216] cloud-init[1070]: ci-info: |   2   | 192.168.13.0 | 0.0.0.0  | 255.255.255.0 |   enp0s8  |   U   |
[   53.202390] cloud-init[1070]: ci-info: +-------+--------------+----------+---------------+-----------+-------+
[[0;32m  OK  [0m] Started Initial cloud-init job (metadata service crawler).
[[0;32m  OK  [0m] Reached target System Initialization.
         Starting LXD - unix socket.
         Starting Socket activation for snappy daemon.
[[0;32m  OK  [0m] Started ACPI Events Check.
[[0;32m  OK  [0m] Reached target Paths.
[[0;32m  OK  [0m] Started Timer to automatically refresh installed snaps.
[[0;32m  OK  [0m] Started Daily Cleanup of Temporary Directories.
[[0;32m  OK  [0m] Listening on UUID daemon activation socket.
[[0;32m  OK  [0m] Listening on D-Bus System Message Bus Socket.
[[0;32m  OK  [0m] Listening on ACPID Listen Socket.
[[0;32m  OK  [0m] Started Daily apt activities.
[[0;32m  OK  [0m] Reached target Timers.
[[0;32m  OK  [0m] Reached target Cloud-config availability.
[[0;32m  OK  [0m] Reached target Network is Online.
         Starting iSCSI initiator daemon (iscsid)...
[[0;32m  OK  [0m] Listening on LXD - unix socket.
[[0;32m  OK  [0m] Listening on Socket activation for snappy daemon.
[[0;32m  OK  [0m] Started iSCSI initiator daemon (iscsid).
         Starting Login to default iSCSI targets...
[[0;32m  OK  [0m] Reached target Sockets.
[[0;32m  OK  [0m] Reached target Basic System.
[[0;32m  OK  [0m] Started ACPI event daemon.
         Starting Apply the settings specified in cloud-config...
         Starting OpenBSD Secure Shell server...
[[0;32m  OK  [0m] Started Deferred execution scheduler.
         Starting /etc/rc.local Compatibility...
         Starting Login Service...
         Starting LSB: MD monitoring daemon...
         Starting vboxadd-x11.service...
[[0;32m  OK  [0m] Started Unattended Upgrades Shutdown.
         Starting System Logging Service...
[[0;32m  OK  [0m] Started D-Bus System Message Bus.
         Starting LXD - container startup/shutdown...
         Starting LSB: Record successful boot for GRUB...
[[0;32m  OK  [0m] Started FUSE filesystem for LXC.
[[0;32m  OK  [0m] Started Snappy daemon.
         Starting Auto import assertions from block devices...
[[0;32m  OK  [0m] Started Regular background program processing daemon.
         Starting Accounts Service...
         Starting vboxadd.service...
[[0;32m  OK  [0m] Started OpenBSD Secure Shell server.
[[0;32m  OK  [0m] Started System Logging Service.
[[0;32m  OK  [0m] Started /etc/rc.local Compatibility.
[[0;32m  OK  [0m] Started Auto import assertions from block devices.
[[0;32m  OK  [0m] Started Login to default iSCSI targets.
[[0;32m  OK  [0m] Started LXD - container startup/shutdown.
[[0;32m  OK  [0m] Started vboxadd-x11.service.
[[0;32m  OK  [0m] Started LSB: MD monitoring daemon.
[[0;32m  OK  [0m] Started LSB: Record successful boot for GRUB.
[[0;32m  OK  [0m] Started Login Service.
         Starting Authenticate and Authorize Users to Run Privileged Tasks...
[[0;32m  OK  [0m] Reached target Remote File Systems (Pre).
[[0;32m  OK  [0m] Reached target Remote File Systems.
         Starting LSB: automatic crash report generation...
         Starting LSB: daemon to balance interrupts for SMP systems...
         Starting Permit User Sessions...
         Starting LSB: Apache2 web server...
         Starting LSB: Set the CPU Frequency Scaling governor to "ondemand"...
[[0;32m  OK  [0m] Started Permit User Sessions.
[[0;32m  OK  [0m] Started Authenticate and Authorize Users to Run Privileged Tasks.
[[0;32m  OK  [0m] Started Accounts Service.
[[0;32m  OK  [0m] Started vboxadd.service.
         Starting vboxadd-service.service...
         Starting Terminate Plymouth Boot Screen...
         Starting Hold until boot process finishes up...
[[0;32m  OK  [0m] Started LSB: daemon to balance interrupts for SMP systems.
[[0;32m  OK  [0m] Started LSB: Set the CPU Frequency Scaling governor to "ondemand".
[[0;32m  OK  [0m] Started LSB: automatic crash report generation.
[[0;32m  OK  [0m] Started Terminate Plymouth Boot Screen.
[[0;32m  OK  [0m] Started Hold until boot process finishes up.
[[0;32m  OK  [0m] Started vboxadd-service.service.
[[0;32m  OK  [0m] Started Getty on tty1.
[[0;32m  OK  [0m] Started Serial Getty on ttyS0.
[[0;32m  OK  [0m] Reached target Login Prompts.
         Starting Set console scheme...
[[0;32m  OK  [0m] Started Set console scheme.
[[0;32m  OK  [0m] Started LSB: Apache2 web server.
[[0;32m  OK  [0m] Reached target Multi-User System.
[[0;32m  OK  [0m] Reached target Graphical Interface.
         Starting Update UTMP about System Runlevel Changes...
[[0;32m  OK  [0m] Started Update UTMP about System Runlevel Changes.
[   64.905631] cloud-init[1136]: Cloud-init v. 0.7.9 running 'modules:config' at Fri, 16 Feb 2018 01:39:46 +0000. Up 63.88 seconds.
[[0;32m  OK  [0m] Started Apply the settings specified in cloud-config.
         Starting Execute cloud user/final scripts...

Ubuntu 16.04.2 LTS ubuntu-xenial ttyS0

ubuntu-xenial login: [   71.596985] cloud-init[1430]: Cloud-init v. 0.7.9 running 'modules:final' at Fri, 16 Feb 2018 01:39:52 +0000. Up 69.61 seconds.
[   71.598363] cloud-init[1430]: Cloud-init v. 0.7.9 finished at Fri, 16 Feb 2018 01:39:54 +0000. Datasource DataSourceNoCloud [seed=/dev/sdb][dsmode=net].  Up 71.53 seconds
